#
# A fatal error has been detected by the Java Runtime Environment:
#
#  EXCEPTION_ACCESS_VIOLATION (0xc0000005) at pc=0x000000006080b9c9, pid=6956, tid=8228
#
# JRE version: Java(TM) SE Runtime Environment (8.0_77-b03) (build 1.8.0_77-b03)
# Java VM: Java HotSpot(TM) 64-Bit Server VM (25.77-b03 mixed mode windows-amd64 compressed oops)
# Problematic frame:
# V  [jvm.dll+0x3eb9c9]
#
# Failed to write core dump. Minidumps are not enabled by default on client versions of Windows
#
# If you would like to submit a bug report, please visit:
#   http://bugreport.java.com/bugreport/crash.jsp
#

---------------  T H R E A D  ---------------

Current thread (0x0000000002c7a000):  GCTaskThread [stack: 0x0000000012830000,0x0000000012930000] [id=8228]

siginfo: ExceptionCode=0xc0000005, reading address 0x0000000000000120

Registers:
RAX=0x0000000000000000, RBX=0x000000001217b081, RCX=0x00000001007d1650, RDX=0x0000000016695380
RSP=0x000000001292f880, RBP=0x000000001217b081, RSI=0x00000000ab610010, RDI=0x00000000ab60cc38
R8 =0x00000000ab60cc38, R9 =0x00000001007d1650, R10=0x000000000000000c, R11=0x000000000000000c
R12=0x000000001217b001, R13=0x0000000016695380, R14=0x0000000002c72990, R15=0x000000000000000c
RIP=0x000000006080b9c9, EFLAGS=0x0000000000010207

Top of Stack: (sp=0x000000001292f880)
0x000000001292f880:   000000001217b081 000000001217b081
0x000000001292f890:   00000000ab610010 00000000f3ad15b5
0x000000001292f8a0:   000000001217b000 0000000012207f65
0x000000001292f8b0:   0000000000000200 0000000000000000
0x000000001292f8c0:   000000000278d800 0000000002c6f2f0
0x000000001292f8d0:   0000000060a6be48 0000000000000000
0x000000001292f8e0:   0000000000000000 00000000165a5440
0x000000001292f8f0:   0000000002c7a300 0000000002c7a2f0
0x000000001292f900:   0000000016695380 000000006081e2f2
0x000000001292f910:   000000001217b000 0000000002c72b50
0x000000001292f920:   00000000ab610010 00000000bcfec9f0
0x000000001292f930:   0000000016695380 0000000000000000
0x000000001292f940:   0000000000000004 0000000002c73f70
0x000000001292f950:   00000000165a5440 000000006080d37e
0x000000001292f960:   0000000002c7a000 0000000000000000
0x000000001292f970:   0000000000000000 0000000000000000 

Instructions: (pc=0x000000006080b9c9)
0x000000006080b9a9:   db ad 3a 00 eb 04 4c 8b 4f 08 41 81 79 08 00 00
0x000000006080b9b9:   00 c0 73 12 49 8b 01 4c 8b c7 49 8b d5 49 8b c9
0x000000006080b9c9:   ff 90 20 01 00 00 80 3d eb 58 41 00 00 74 16 44
0x000000006080b9d9:   8b 47 08 8b 0d ae ad 3a 00 49 d3 e0 4c 03 05 9c 


Register to memory mapping:

RAX=0x0000000000000000 is an unknown value
RBX=0x000000001217b081 is an unknown value
RCX=0x00000001007d1650 is pointing into metadata
RDX=0x0000000016695380 is an unknown value
RSP=0x000000001292f880 is an unknown value
RBP=0x000000001217b081 is an unknown value
RSI=0x00000000ab610010 is an oop
com.android.dx.rop.code.BasicBlock 
 - klass: 'com/android/dx/rop/code/BasicBlock'
RDI=
[error occurred during error reporting (printing register info), id 0xc0000005]

Stack: [0x0000000012830000,0x0000000012930000],  sp=0x000000001292f880,  free space=1022k
Native frames: (J=compiled Java code, j=interpreted, Vv=VM code, C=native code)
V  [jvm.dll+0x3eb9c9]
V  [jvm.dll+0x3fe2f2]
V  [jvm.dll+0x3ed37e]
V  [jvm.dll+0x29a27a]
C  [msvcr100.dll+0x21d9f]
C  [msvcr100.dll+0x21e3b]
C  [KERNEL32.DLL+0x167e]
C  [ntdll.dll+0x23501]


---------------  P R O C E S S  ---------------

Java Threads: ( => current thread )
  0x000000001cfb7800 JavaThread "pool-8-thread-4" [_thread_blocked, id=2324, stack(0x0000000023170000,0x0000000023270000)]
  0x000000001cfb6800 JavaThread "pool-8-thread-3" [_thread_blocked, id=3024, stack(0x0000000023070000,0x0000000023170000)]
  0x000000001cfb2000 JavaThread "pool-8-thread-2" [_thread_blocked, id=6272, stack(0x0000000022f70000,0x0000000023070000)]
  0x000000001cfb4800 JavaThread "pool-9-thread-1" [_thread_blocked, id=4372, stack(0x0000000022e70000,0x0000000022f70000)]
  0x000000001cfb6000 JavaThread "pool-8-thread-1" [_thread_blocked, id=4888, stack(0x0000000022d70000,0x0000000022e70000)]
  0x000000001cfb5000 JavaThread "pool-6-thread-1" [_thread_blocked, id=5268, stack(0x000000001ae50000,0x000000001af50000)]
  0x000000001cfb3800 JavaThread "pool-4-thread-1" [_thread_blocked, id=6644, stack(0x00000000223d0000,0x00000000224d0000)]
  0x0000000018c26800 JavaThread "pool-2-thread-1" [_thread_blocked, id=8856, stack(0x000000001edc0000,0x000000001eec0000)]
  0x0000000018c25000 JavaThread "File lock request listener" [_thread_in_native, id=8800, stack(0x000000001eac0000,0x000000001ebc0000)]
  0x0000000018a35000 JavaThread "Asynchronous log dispatcher for org.gradle.launcher.daemon.server.DefaultDaemonConnection@2010477c" [_thread_blocked, id=7464, stack(0x000000001ad50000,0x000000001ae50000)]
  0x0000000019421800 JavaThread "Daemon worker" [_thread_blocked, id=372, stack(0x000000001ac50000,0x000000001ad50000)]
  0x0000000018a3d800 JavaThread "Cancel handler" [_thread_blocked, id=7432, stack(0x000000001ab50000,0x000000001ac50000)]
  0x0000000018e42000 JavaThread "Handler for socket connection from /127.0.0.1:52133 to /127.0.0.1:52134" [_thread_in_native, id=8084, stack(0x000000001aa50000,0x000000001ab50000)]
  0x0000000018e41000 JavaThread "Daemon" [_thread_blocked, id=6376, stack(0x000000001a950000,0x000000001aa50000)]
  0x0000000018ad8800 JavaThread "Incoming local TCP Connector on port 52133" [_thread_in_native, id=6172, stack(0x000000001a270000,0x000000001a370000)]
  0x00000000195cd000 JavaThread "pool-1-thread-1" [_thread_blocked, id=5940, stack(0x000000001a170000,0x000000001a270000)]
  0x00000000181d2800 JavaThread "Service Thread" daemon [_thread_blocked, id=2148, stack(0x00000000185a0000,0x00000000186a0000)]
  0x00000000166dc000 JavaThread "C1 CompilerThread2" daemon [_thread_blocked, id=5096, stack(0x00000000180a0000,0x00000000181a0000)]
  0x00000000166d3800 JavaThread "C2 CompilerThread1" daemon [_thread_blocked, id=7708, stack(0x0000000017fa0000,0x00000000180a0000)]
  0x00000000166ce800 JavaThread "C2 CompilerThread0" daemon [_thread_blocked, id=7348, stack(0x0000000017ea0000,0x0000000017fa0000)]
  0x00000000166cd000 JavaThread "Attach Listener" daemon [_thread_blocked, id=8540, stack(0x0000000017da0000,0x0000000017ea0000)]
  0x00000000166cb800 JavaThread "Signal Dispatcher" daemon [_thread_blocked, id=1168, stack(0x0000000017ca0000,0x0000000017da0000)]
  0x0000000002d5c000 JavaThread "Finalizer" daemon [_thread_blocked, id=2124, stack(0x0000000017940000,0x0000000017a40000)]
  0x0000000002d51000 JavaThread "Reference Handler" daemon [_thread_blocked, id=1512, stack(0x0000000017840000,0x0000000017940000)]
  0x0000000002c60800 JavaThread "main" [_thread_blocked, id=244, stack(0x0000000002880000,0x0000000002980000)]

Other Threads:
  0x0000000016698000 VMThread [stack: 0x0000000017740000,0x0000000017840000] [id=8520]
  0x00000000181d6000 WatcherThread [stack: 0x00000000186a0000,0x00000000187a0000] [id=3904]

=>0x0000000002c7a000 (exited) GCTaskThread [stack: 0x0000000012830000,0x0000000012930000] [id=8228]

VM state:at safepoint (normal execution)

VM Mutex/Monitor currently owned by a thread:  ([mutex/lock_event])
[0x000000000278ca80] Threads_lock - owner thread: 0x0000000016698000
[0x000000000278c080] Heap_lock - owner thread: 0x000000001cfb5000

Heap:
 PSYoungGen      total 357888K, used 310071K [0x00000000e0000000, 0x0000000100000000, 0x0000000100000000)
  eden space 243712K, 100% used [0x00000000e0000000,0x00000000eee00000,0x00000000eee00000)
  from space 114176K, 58% used [0x00000000f7c00000,0x00000000fbccde58,0x00000000feb80000)
  to   space 140288K, 66% used [0x00000000eee00000,0x00000000f48bd430,0x00000000f7700000)
 ParOldGen       total 632832K, used 489139K [0x00000000a0000000, 0x00000000c6a00000, 0x00000000e0000000)
  object space 632832K, 77% used [0x00000000a0000000,0x00000000bddacc88,0x00000000c6a00000)
 Metaspace       used 60111K, capacity 61512K, committed 61696K, reserved 1103872K
  class space    used 7829K, capacity 8122K, committed 8192K, reserved 1048576K

Card table byte_map: [0x0000000012120000,0x0000000012430000] byte_map_base: 0x0000000011c20000

Marking Bits: (ParMarkBitMap*) 0x0000000060c30600
 Begin Bits: [0x0000000012a30000, 0x0000000014230000)
 End Bits:   [0x0000000014230000, 0x0000000015a30000)

Polling page: 0x0000000000e40000

CodeCache: size=245760Kb used=36794Kb max_used=36805Kb free=208965Kb
 bounds [0x0000000002d60000, 0x00000000051a0000, 0x0000000011d60000]
 total_blobs=10638 nmethods=9902 adapters=646
 compilation: enabled

Compilation events (10 events):
Event: 119.541 Thread 0x00000000166d3800 nmethod 11803 0x0000000004a72ad0 code [0x0000000004a72c00, 0x0000000004a72cb8]
Event: 119.542 Thread 0x00000000166d3800 11852       4       com.android.dx.cf.code.Frame::<init> (52 bytes)
Event: 119.543 Thread 0x00000000166d3800 nmethod 11852 0x0000000004dfd590 code [0x0000000004dfd6e0, 0x0000000004dfd7d8]
Event: 119.544 Thread 0x00000000166d3800 11925       4       com.android.dx.cf.code.ExecutionStack::<init> (34 bytes)
Event: 119.547 Thread 0x00000000166d3800 nmethod 11925 0x00000000046125d0 code [0x0000000004612720, 0x0000000004612938]
Event: 119.547 Thread 0x00000000166d3800 12013       4       com.android.dx.dex.code.CstInsn::<init> (39 bytes)
Event: 119.550 Thread 0x00000000166d3800 nmethod 12013 0x0000000004b860d0 code [0x0000000004b86220, 0x0000000004b86378]
Event: 119.550 Thread 0x00000000166d3800 12191       4       com.android.dx.ssa.NormalSsaInsn::<init> (15 bytes)
Event: 119.552 Thread 0x00000000166d3800 nmethod 12191 0x0000000004ada710 code [0x0000000004ada840, 0x0000000004ada8f8]
Event: 119.552 Thread 0x00000000166d3800 12064       4       com.android.dx.cf.code.Simulator$SimVisitor::visitLocal (329 bytes)

GC Heap History (10 events):
Event: 111.667 GC heap after
Heap after GC invocations=54 (full 7):
 PSYoungGen      total 316416K, used 76774K [0x00000000e0000000, 0x00000000fb880000, 0x0000000100000000)
  eden space 239616K, 0% used [0x00000000e0000000,0x00000000e0000000,0x00000000eea00000)
  from space 76800K, 99% used [0x00000000eea00000,0x00000000f34f9a68,0x00000000f3500000)
  to   space 96768K, 0% used [0x00000000f5a00000,0x00000000f5a00000,0x00000000fb880000)
 ParOldGen       total 475136K, used 356696K [0x00000000a0000000, 0x00000000bd000000, 0x00000000e0000000)
  object space 475136K, 75% used [0x00000000a0000000,0x00000000b5c56098,0x00000000bd000000)
 Metaspace       used 60093K, capacity 61512K, committed 61696K, reserved 1103872K
  class space    used 7826K, capacity 8122K, committed 8192K, reserved 1048576K
}
Event: 112.647 GC heap before
{Heap before GC invocations=55 (full 7):
 PSYoungGen      total 316416K, used 316390K [0x00000000e0000000, 0x00000000fb880000, 0x0000000100000000)
  eden space 239616K, 100% used [0x00000000e0000000,0x00000000eea00000,0x00000000eea00000)
  from space 76800K, 99% used [0x00000000eea00000,0x00000000f34f9a68,0x00000000f3500000)
  to   space 96768K, 0% used [0x00000000f5a00000,0x00000000f5a00000,0x00000000fb880000)
 ParOldGen       total 475136K, used 356696K [0x00000000a0000000, 0x00000000bd000000, 0x00000000e0000000)
  object space 475136K, 75% used [0x00000000a0000000,0x00000000b5c56098,0x00000000bd000000)
 Metaspace       used 60094K, capacity 61512K, committed 61696K, reserved 1103872K
  class space    used 7827K, capacity 8122K, committed 8192K, reserved 1048576K
Event: 112.849 GC heap after
Heap after GC invocations=55 (full 7):
 PSYoungGen      total 351744K, used 60963K [0x00000000e0000000, 0x00000000fbf00000, 0x0000000100000000)
  eden space 254976K, 0% used [0x00000000e0000000,0x00000000e0000000,0x00000000ef900000)
  from space 96768K, 62% used [0x00000000f5a00000,0x00000000f9588e00,0x00000000fb880000)
  to   space 99328K, 0% used [0x00000000ef900000,0x00000000ef900000,0x00000000f5a00000)
 ParOldGen       total 475136K, used 410330K [0x00000000a0000000, 0x00000000bd000000, 0x00000000e0000000)
  object space 475136K, 86% used [0x00000000a0000000,0x00000000b90b6a30,0x00000000bd000000)
 Metaspace       used 60094K, capacity 61512K, committed 61696K, reserved 1103872K
  class space    used 7827K, capacity 8122K, committed 8192K, reserved 1048576K
}
Event: 113.923 GC heap before
{Heap before GC invocations=56 (full 7):
 PSYoungGen      total 351744K, used 315939K [0x00000000e0000000, 0x00000000fbf00000, 0x0000000100000000)
  eden space 254976K, 100% used [0x00000000e0000000,0x00000000ef900000,0x00000000ef900000)
  from space 96768K, 62% used [0x00000000f5a00000,0x00000000f9588e00,0x00000000fb880000)
  to   space 99328K, 0% used [0x00000000ef900000,0x00000000ef900000,0x00000000f5a00000)
 ParOldGen       total 475136K, used 410330K [0x00000000a0000000, 0x00000000bd000000, 0x00000000e0000000)
  object space 475136K, 86% used [0x00000000a0000000,0x00000000b90b6a30,0x00000000bd000000)
 Metaspace       used 60105K, capacity 61512K, committed 61696K, reserved 1103872K
  class space    used 7828K, capacity 8122K, committed 8192K, reserved 1048576K
Event: 114.084 GC heap after
Heap after GC invocations=56 (full 7):
 PSYoungGen      total 354304K, used 97063K [0x00000000e0000000, 0x00000000feb80000, 0x0000000100000000)
  eden space 254976K, 0% used [0x00000000e0000000,0x00000000e0000000,0x00000000ef900000)
  from space 99328K, 97% used [0x00000000ef900000,0x00000000f57c9c70,0x00000000f5a00000)
  to   space 114176K, 0% used [0x00000000f7c00000,0x00000000f7c00000,0x00000000feb80000)
 ParOldGen       total 475136K, used 410330K [0x00000000a0000000, 0x00000000bd000000, 0x00000000e0000000)
  object space 475136K, 86% used [0x00000000a0000000,0x00000000b90b6a30,0x00000000bd000000)
 Metaspace       used 60105K, capacity 61512K, committed 61696K, reserved 1103872K
  class space    used 7828K, capacity 8122K, committed 8192K, reserved 1048576K
}
Event: 115.081 GC heap before
{Heap before GC invocations=57 (full 7):
 PSYoungGen      total 354304K, used 352039K [0x00000000e0000000, 0x00000000feb80000, 0x0000000100000000)
  eden space 254976K, 100% used [0x00000000e0000000,0x00000000ef900000,0x00000000ef900000)
  from space 99328K, 97% used [0x00000000ef900000,0x00000000f57c9c70,0x00000000f5a00000)
  to   space 114176K, 0% used [0x00000000f7c00000,0x00000000f7c00000,0x00000000feb80000)
 ParOldGen       total 475136K, used 410330K [0x00000000a0000000, 0x00000000bd000000, 0x00000000e0000000)
  object space 475136K, 86% used [0x00000000a0000000,0x00000000b90b6a30,0x00000000bd000000)
 Metaspace       used 60109K, capacity 61512K, committed 61696K, reserved 1103872K
  class space    used 7829K, capacity 8122K, committed 8192K, reserved 1048576K
Event: 115.313 GC heap after
Heap after GC invocations=57 (full 7):
 PSYoungGen      total 357888K, used 114147K [0x00000000e0000000, 0x0000000100000000, 0x0000000100000000)
  eden space 243712K, 0% used [0x00000000e0000000,0x00000000e0000000,0x00000000eee00000)
  from space 114176K, 99% used [0x00000000f7c00000,0x00000000feb78cc0,0x00000000feb80000)
  to   space 140288K, 0% used [0x00000000eee00000,0x00000000eee00000,0x00000000f7700000)
 ParOldGen       total 475136K, used 431491K [0x00000000a0000000, 0x00000000bd000000, 0x00000000e0000000)
  object space 475136K, 90% used [0x00000000a0000000,0x00000000ba560fa0,0x00000000bd000000)
 Metaspace       used 60109K, capacity 61512K, committed 61696K, reserved 1103872K
  class space    used 7829K, capacity 8122K, committed 8192K, reserved 1048576K
}
Event: 115.313 GC heap before
{Heap before GC invocations=58 (full 8):
 PSYoungGen      total 357888K, used 114147K [0x00000000e0000000, 0x0000000100000000, 0x0000000100000000)
  eden space 243712K, 0% used [0x00000000e0000000,0x00000000e0000000,0x00000000eee00000)
  from space 114176K, 99% used [0x00000000f7c00000,0x00000000feb78cc0,0x00000000feb80000)
  to   space 140288K, 0% used [0x00000000eee00000,0x00000000eee00000,0x00000000f7700000)
 ParOldGen       total 475136K, used 431491K [0x00000000a0000000, 0x00000000bd000000, 0x00000000e0000000)
  object space 475136K, 90% used [0x00000000a0000000,0x00000000ba560fa0,0x00000000bd000000)
 Metaspace       used 60109K, capacity 61512K, committed 61696K, reserved 1103872K
  class space    used 7829K, capacity 8122K, committed 8192K, reserved 1048576K
Event: 118.594 GC heap after
Heap after GC invocations=58 (full 8):
 PSYoungGen      total 357888K, used 66359K [0x00000000e0000000, 0x0000000100000000, 0x0000000100000000)
  eden space 243712K, 0% used [0x00000000e0000000,0x00000000e0000000,0x00000000eee00000)
  from space 114176K, 58% used [0x00000000f7c00000,0x00000000fbccde58,0x00000000feb80000)
  to   space 140288K, 0% used [0x00000000eee00000,0x00000000eee00000,0x00000000f7700000)
 ParOldGen       total 632832K, used 475058K [0x00000000a0000000, 0x00000000c6a00000, 0x00000000e0000000)
  object space 632832K, 75% used [0x00000000a0000000,0x00000000bcfec9f0,0x00000000c6a00000)
 Metaspace       used 60109K, capacity 61512K, committed 61696K, reserved 1103872K
  class space    used 7829K, capacity 8122K, committed 8192K, reserved 1048576K
}
Event: 119.657 GC heap before
{Heap before GC invocations=59 (full 8):
 PSYoungGen      total 357888K, used 310071K [0x00000000e0000000, 0x0000000100000000, 0x0000000100000000)
  eden space 243712K, 100% used [0x00000000e0000000,0x00000000eee00000,0x00000000eee00000)
  from space 114176K, 58% used [0x00000000f7c00000,0x00000000fbccde58,0x00000000feb80000)
  to   space 140288K, 0% used [0x00000000eee00000,0x00000000eee00000,0x00000000f7700000)
 ParOldGen       total 632832K, used 475058K [0x00000000a0000000, 0x00000000c6a00000, 0x00000000e0000000)
  object space 632832K, 75% used [0x00000000a0000000,0x00000000bcfec9f0,0x00000000c6a00000)
 Metaspace       used 60111K, capacity 61512K, committed 61696K, reserved 1103872K
  class space    used 7829K, capacity 8122K, committed 8192K, reserved 1048576K

Deoptimization events (10 events):
Event: 110.015 Thread 0x000000001cfb7800 Uncommon trap: reason=bimorphic action=maybe_recompile pc=0x000000000501db94 method=com.android.dx.cf.code.BytecodeArray.parseInstruction(ILcom/android/dx/cf/code/BytecodeArray$Visitor;)I @ 2554
Event: 110.015 Thread 0x000000001cfb7800 Uncommon trap: reason=bimorphic action=maybe_recompile pc=0x000000000501db94 method=com.android.dx.cf.code.BytecodeArray.parseInstruction(ILcom/android/dx/cf/code/BytecodeArray$Visitor;)I @ 2554
Event: 113.464 Thread 0x000000001cfb6800 Uncommon trap: reason=predicate action=maybe_recompile pc=0x000000000326add4 method=com.android.dx.ssa.DomFront.run()[Lcom/android/dx/ssa/DomFront$DomInfo; @ 32
Event: 113.521 Thread 0x000000001cfb6800 Uncommon trap: reason=class_check action=maybe_recompile pc=0x0000000004e98838 method=com.android.dx.ssa.SsaConverter.placePhiFunctions(Lcom/android/dx/ssa/SsaMethod;Lcom/android/dx/ssa/LocalVariableInfo;I)V @ 257
Event: 113.523 Thread 0x000000001cfb6800 Uncommon trap: reason=class_check action=maybe_recompile pc=0x0000000004f0345c method=com.android.dx.ssa.SsaConverter.placePhiFunctions(Lcom/android/dx/ssa/SsaMethod;Lcom/android/dx/ssa/LocalVariableInfo;I)V @ 266
Event: 113.528 Thread 0x000000001cfb6800 Uncommon trap: reason=class_check action=maybe_recompile pc=0x0000000004f0345c method=com.android.dx.ssa.SsaConverter.placePhiFunctions(Lcom/android/dx/ssa/SsaMethod;Lcom/android/dx/ssa/LocalVariableInfo;I)V @ 266
Event: 113.528 Thread 0x000000001cfb6800 Uncommon trap: reason=class_check action=maybe_recompile pc=0x0000000004f0345c method=com.android.dx.ssa.SsaConverter.placePhiFunctions(Lcom/android/dx/ssa/SsaMethod;Lcom/android/dx/ssa/LocalVariableInfo;I)V @ 266
Event: 113.530 Thread 0x000000001cfb6800 Uncommon trap: reason=class_check action=maybe_recompile pc=0x0000000004e9f634 method=com.android.dx.ssa.SsaConverter.placePhiFunctions(Lcom/android/dx/ssa/SsaMethod;Lcom/android/dx/ssa/LocalVariableInfo;I)V @ 257
Event: 114.607 Thread 0x000000001cfb7800 Uncommon trap: reason=class_check action=maybe_recompile pc=0x0000000003434394 method=com.android.dx.ssa.SCCP.simulateBranch(Lcom/android/dx/ssa/SsaInsn;)V @ 339
Event: 114.618 Thread 0x000000001cfb7800 Uncommon trap: reason=class_check action=maybe_recompile pc=0x0000000003434394 method=com.android.dx.ssa.SCCP.simulateBranch(Lcom/android/dx/ssa/SsaInsn;)V @ 339

Internal exceptions (10 events):
Event: 57.074 Thread 0x0000000019421800 Implicit null exception at 0x0000000003fcc8d0 to 0x0000000003fcc901
Event: 57.105 Thread 0x0000000019421800 Implicit null exception at 0x0000000003c1e83b to 0x0000000003c1f7cd
Event: 76.342 Thread 0x0000000019421800 Implicit null exception at 0x000000000461221d to 0x0000000004613c6c
Event: 79.907 Thread 0x0000000019421800 Implicit null exception at 0x00000000046cd85c to 0x00000000046d0235
Event: 85.005 Thread 0x000000001cfb2000 Implicit null exception at 0x0000000004460722 to 0x0000000004460812
Event: 85.260 Thread 0x000000001cfb7800 Implicit null exception at 0x00000000042f4c25 to 0x00000000042f561d
Event: 86.039 Thread 0x000000001cfb2000 Implicit null exception at 0x0000000004caa198 to 0x0000000004caa305
Event: 89.967 Thread 0x000000001cfb7800 Implicit null exception at 0x000000000484f2b4 to 0x000000000484f911
Event: 95.499 Thread 0x000000001cfb5000 Implicit null exception at 0x00000000034e3b7d to 0x00000000034e451d
Event: 108.829 Thread 0x000000001cfb7800 Implicit null exception at 0x000000000506fde8 to 0x0000000005077b81

Events (10 events):
Event: 114.519 loading class com/android/dx/cf/iface/ParseObserver done
Event: 114.607 Thread 0x000000001cfb7800 Uncommon trap: trap_request=0xffffffde fr.pc=0x0000000003434394
Event: 114.607 Thread 0x000000001cfb7800 DEOPT PACKING pc=0x0000000003434394 sp=0x000000002326e990
Event: 114.607 Thread 0x000000001cfb7800 DEOPT UNPACKING pc=0x0000000002da582a sp=0x000000002326e908 mode 2
Event: 114.618 Thread 0x000000001cfb7800 Uncommon trap: trap_request=0xffffffde fr.pc=0x0000000003434394
Event: 114.618 Thread 0x000000001cfb7800 DEOPT PACKING pc=0x0000000003434394 sp=0x000000002326e990
Event: 114.618 Thread 0x000000001cfb7800 DEOPT UNPACKING pc=0x0000000002da582a sp=0x000000002326e908 mode 2
Event: 115.080 Executing VM operation: ParallelGCFailedAllocation
Event: 118.594 Executing VM operation: ParallelGCFailedAllocation done
Event: 119.657 Executing VM operation: ParallelGCFailedAllocation


Dynamic libraries:
0x000007f70aaf0000 - 0x000007f70ab27000 	C:\Program Files\Java\jdk1.8.0_77\bin\java.exe
0x000007fd02ab0000 - 0x000007fd02c6e000 	C:\Windows\SYSTEM32\ntdll.dll
0x000007fd00230000 - 0x000007fd00366000 	C:\Windows\system32\KERNEL32.DLL
0x000007fcffb10000 - 0x000007fcffc03000 	C:\Windows\system32\KERNELBASE.dll
0x000007fd00370000 - 0x000007fd0044e000 	C:\Windows\system32\ADVAPI32.dll
0x000007fd027b0000 - 0x000007fd028fc000 	C:\Windows\system32\USER32.dll
0x000007fcfcce0000 - 0x000007fcfcf49000 	C:\Windows\WinSxS\amd64_microsoft.windows.common-controls_6595b64144ccf1df_6.0.9200.16384_none_418c2a697189c07f\COMCTL32.dll
0x000007fd00870000 - 0x000007fd00915000 	C:\Windows\system32\msvcrt.dll
0x000007fd01120000 - 0x000007fd01168000 	C:\Windows\SYSTEM32\sechost.dll
0x000007fd025b0000 - 0x000007fd026f0000 	C:\Windows\system32\RPCRT4.dll
0x000007fd02470000 - 0x000007fd025b0000 	C:\Windows\system32\GDI32.dll
0x000007fcfff80000 - 0x000007fcfffb9000 	C:\Windows\system32\IMM32.DLL
0x000007fd01000000 - 0x000007fd01115000 	C:\Windows\system32\MSCTF.dll
0x00000000623f0000 - 0x00000000624c2000 	C:\Program Files\Java\jdk1.8.0_77\jre\bin\msvcr100.dll
0x0000000060420000 - 0x0000000060cb0000 	C:\Program Files\Java\jdk1.8.0_77\jre\bin\server\jvm.dll
0x000007fcefc70000 - 0x000007fcefc79000 	C:\Windows\SYSTEM32\WSOCK32.dll
0x000007fcfca50000 - 0x000007fcfca70000 	C:\Windows\SYSTEM32\WINMM.dll
0x000007fcfeb40000 - 0x000007fcfeb49000 	C:\Windows\SYSTEM32\VERSION.dll
0x000007fd02910000 - 0x000007fd02917000 	C:\Windows\system32\PSAPI.DLL
0x000007fcfff20000 - 0x000007fcfff78000 	C:\Windows\system32\WS2_32.dll
0x000007fcfc6d0000 - 0x000007fcfc702000 	C:\Windows\SYSTEM32\WINMMBASE.dll
0x000007fd02920000 - 0x000007fd02929000 	C:\Windows\system32\NSI.dll
0x00000000623e0000 - 0x00000000623ef000 	C:\Program Files\Java\jdk1.8.0_77\jre\bin\verify.dll
0x00000000623b0000 - 0x00000000623d9000 	C:\Program Files\Java\jdk1.8.0_77\jre\bin\java.dll
0x0000000062390000 - 0x00000000623a6000 	C:\Program Files\Java\jdk1.8.0_77\jre\bin\zip.dll
0x000007fd01170000 - 0x000007fd02458000 	C:\Windows\system32\SHELL32.dll
0x000007fd006c0000 - 0x000007fd00870000 	C:\Windows\SYSTEM32\combase.dll
0x000007fd02760000 - 0x000007fd027b0000 	C:\Windows\system32\SHLWAPI.dll
0x000007fcfdba0000 - 0x000007fcfdc36000 	C:\Windows\SYSTEM32\SHCORE.dll
0x000007fcff990000 - 0x000007fcff9a5000 	C:\Windows\SYSTEM32\profapi.dll
0x0000000062370000 - 0x000000006238a000 	C:\Program Files\Java\jdk1.8.0_77\jre\bin\net.dll
0x000007fcff230000 - 0x000007fcff28c000 	C:\Windows\system32\mswsock.dll
0x0000000062350000 - 0x0000000062361000 	C:\Program Files\Java\jdk1.8.0_77\jre\bin\nio.dll
0x000007fcfc070000 - 0x000007fcfc082000 	C:\Users\Shrikant\.gradle\native\19\windows-amd64\native-platform.dll
0x000007fcff290000 - 0x000007fcff2aa000 	C:\Windows\SYSTEM32\CRYPTSP.dll
0x000007fcfef10000 - 0x000007fcfef59000 	C:\Windows\system32\rsaenh.dll
0x000007fcff010000 - 0x000007fcff02f000 	C:\Windows\SYSTEM32\USERENV.dll
0x000007fcff820000 - 0x000007fcff82a000 	C:\Windows\SYSTEM32\CRYPTBASE.dll
0x000007fcff7c0000 - 0x000007fcff81c000 	C:\Windows\SYSTEM32\bcryptPrimitives.dll
0x000007fcfeb10000 - 0x000007fcfeb3a000 	C:\Windows\SYSTEM32\IPHLPAPI.DLL
0x000007fcfeab0000 - 0x000007fcfeaba000 	C:\Windows\SYSTEM32\WINNSI.DLL
0x000007fcfc790000 - 0x000007fcfc7a3000 	C:\Windows\SYSTEM32\dhcpcsvc6.DLL
0x000007fcfea70000 - 0x000007fcfea88000 	C:\Windows\SYSTEM32\dhcpcsvc.DLL
0x0000000062340000 - 0x000000006234d000 	C:\Program Files\Java\jdk1.8.0_77\jre\bin\management.dll
0x000007fcddbd0000 - 0x000007fcddd33000 	C:\Windows\SYSTEM32\dbghelp.dll

VM Arguments:
jvm_args: -Xmx1536m -Dfile.encoding=windows-1252 -Duser.country=IN -Duser.language=en -Duser.variant 
java_command: org.gradle.launcher.daemon.bootstrap.GradleDaemon 2.14.1
java_class_path (initial): C:\Users\Shrikant\.gradle\wrapper\dists\gradle-2.14.1-all\8bnwg5hd3w55iofp58khbp6yv\gradle-2.14.1\lib\gradle-launcher-2.14.1.jar
Launcher Type: SUN_STANDARD

Environment Variables:
JAVA_HOME=C:\Program Files\Java\jdk1.8.0_77
CLASSPATH=E:\CoreJava Example;E:\CoreJava Example\swing;
PATH=C:\ProgramData\Oracle\Java\javapath;C:\Program Files (x86)\Intel\iCLS Client\;C:\Program Files\Intel\iCLS Client\;C:\Program Files\Broadcom\Broadcom 802.11 Network Adapter;;C:\Windows\system32;C:\Windows;C:\Windows\System32\Wbem;C:\Windows\System32\WindowsPowerShell\v1.0\;C:\Program Files\Intel\Intel(R) Management Engine Components\DAL;C:\Program Files\Intel\Intel(R) Management Engine Components\IPT;C:\Program Files (x86)\Intel\Intel(R) Management Engine Components\DAL;C:\Program Files (x86)\Intel\Intel(R) Management Engine Components\IPT;C:\Program Files\WIDCOMM\Bluetooth Software\;C:\Program Files\WIDCOMM\Bluetooth Software\syswow64;;C:\Program Files (x86)\Intel\OpenCL SDK\2.0\bin\x86;C:\Program Files (x86)\Intel\OpenCL SDK\2.0\bin\x64;C:\Program Files\Sony\VAIO Improvement;C:\Program Files (x86)\Sony\VAIO BIOS Data Transfer Utility\;C:\Program Files (x86)\Sony\VAIO Startup Setting Tool;C:\Program Files\Java\jdk1.8.0_77\bin;
USERNAME=Shrikant
OS=Windows_NT
PROCESSOR_IDENTIFIER=Intel64 Family 6 Model 58 Stepping 9, GenuineIntel



---------------  S Y S T E M  ---------------

OS: Windows 8 , 64 bit Build 9200 (6.2.9200.16384)

CPU:total 4 (2 cores per cpu, 2 threads per core) family 6 model 58 stepping 9, cmov, cx8, fxsr, mmx, sse, sse2, sse3, ssse3, sse4.1, sse4.2, popcnt, avx, clmul, erms, ht, tsc, tscinvbit, tscinv

Memory: 4k page, physical 4070188k(352884k free), swap 16128816k(11273268k free)

vm_info: Java HotSpot(TM) 64-Bit Server VM (25.77-b03) for windows-amd64 JRE (1.8.0_77-b03), built on Mar 20 2016 22:01:33 by "java_re" with MS VC++ 10.0 (VS2010)

time: Fri Mar 24 09:25:15 2017
elapsed time: 120 seconds (0d 0h 2m 0s)

