#
# A fatal error has been detected by the Java Runtime Environment:
#
#  EXCEPTION_ACCESS_VIOLATION (0xc0000005) at pc=0x00000000608aea00, pid=6552, tid=6664
#
# JRE version: Java(TM) SE Runtime Environment (8.0_77-b03) (build 1.8.0_77-b03)
# Java VM: Java HotSpot(TM) 64-Bit Server VM (25.77-b03 mixed mode windows-amd64 compressed oops)
# Problematic frame:
# V  [jvm.dll+0xaea00]
#
# Failed to write core dump. Minidumps are not enabled by default on client versions of Windows
#
# If you would like to submit a bug report, please visit:
#   http://bugreport.java.com/bugreport/crash.jsp
#

---------------  T H R E A D  ---------------

Current thread (0x0000000002b2a000):  GCTaskThread [stack: 0x00000000126e0000,0x00000000127e0000] [id=6664]

siginfo: ExceptionCode=0xc0000005, reading address 0x0000000000000c20

Registers:
RAX=0x0000000000000002, RBX=0x00000000ff350448, RCX=0x00000000ff350448, RDX=0x0000000000000c18
RSP=0x00000000127df8b8, RBP=0x0000000012005281, RSI=0x00000000165453c0, RDI=0x00000000a6a4aa08
R8 =0x00000000165453c0, R9 =0x000000000000000c, R10=0x000000000000000c, R11=0x000000000000000c
R12=0x0000000012005252, R13=0x0000002e2012eab6, R14=0x0000000000000000, R15=0x0000000002b22b50
RIP=0x00000000608aea00, EFLAGS=0x0000000000010206

Top of Stack: (sp=0x00000000127df8b8)
0x00000000127df8b8:   0000000060bfb3e2 00000000ff350c30
0x00000000127df8c8:   0000000000000003 00000000165453c0
0x00000000127df8d8:   00000000fff89e08 00000000f3421220
0x00000000127df8e8:   0000000060bfbb2b 00000000b6a13028
0x00000000127df8f8:   0000000000000400 0000000000000000
0x00000000127df908:   0000000016545300 0000000012005252
0x00000000127df918:   0000000060bfb750 00000000b6a14db0
0x00000000127df928:   0000000012005281 00000000165453c0
0x00000000127df938:   00000000a6a4aa08 00000000b6a14db0
0x00000000127df948:   0000000060bfc2f5 00000000ff30f3c8
0x00000000127df958:   0000000012005281 00000000165453c0
0x00000000127df968:   0000000000000004 00000000165453c0
0x00000000127df978:   000007fcffb110ea 0000000000000000
0x00000000127df988:   0000000060913987 00000000165453c0
0x00000000127df998:   0000000060911b93 00000000a374f7bd
0x00000000127df9a8:   00000000a374f7bd 00000000a6a4a840 

Instructions: (pc=0x00000000608aea00)
0x00000000608ae9e0:   7c a5 1d 00 48 8b 9c 24 d0 00 00 00 48 81 c4 c0
0x00000000608ae9f0:   00 00 00 5d c3 cc cc cc cc cc cc cc cc cc cc cc
0x00000000608aea00:   44 8b 42 08 4c 8b ca 45 85 c0 7e 0e 41 f6 c0 01
0x00000000608aea10:   75 57 41 c1 f8 03 41 8b c0 c3 79 4d 80 3d 9e 28 


Register to memory mapping:

RAX=0x0000000000000002 is an unknown value
RBX=0x00000000ff350448 is an oop

[error occurred during error reporting (printing register info), id 0xc0000005]

Stack: [0x00000000126e0000,0x00000000127e0000],  sp=0x00000000127df8b8,  free space=1022k
Native frames: (J=compiled Java code, j=interpreted, Vv=VM code, C=native code)
V  [jvm.dll+0xaea00]


---------------  P R O C E S S  ---------------

Java Threads: ( => current thread )
  0x00000000187fd800 JavaThread "pool-13-thread-4" [_thread_blocked, id=5556, stack(0x0000000027860000,0x0000000027960000)]
  0x0000000018800800 JavaThread "pool-13-thread-3" [_thread_blocked, id=7568, stack(0x0000000027760000,0x0000000027860000)]
  0x00000000187ff800 JavaThread "pool-13-thread-2" [_thread_blocked, id=7624, stack(0x0000000027660000,0x0000000027760000)]
  0x00000000187fc000 JavaThread "pool-14-thread-1" [_thread_blocked, id=8148, stack(0x0000000027560000,0x0000000027660000)]
  0x00000000187fc800 JavaThread "pool-13-thread-1" [_thread_blocked, id=1440, stack(0x0000000022bc0000,0x0000000022cc0000)]
  0x00000000187fb000 JavaThread "pool-11-thread-1" [_thread_blocked, id=7316, stack(0x00000000228c0000,0x00000000229c0000)]
  0x000000001cafe800 JavaThread "Asynchronous log dispatcher for org.gradle.launcher.daemon.server.DefaultDaemonConnection@7a784892" [_thread_blocked, id=6844, stack(0x000000001fdb0000,0x000000001feb0000)]
  0x000000001cafb800 JavaThread "Daemon worker Thread 3" [_thread_blocked, id=6564, stack(0x000000001aa10000,0x000000001ab10000)]
  0x000000001cafe000 JavaThread "Cancel handler" [_thread_blocked, id=5572, stack(0x000000001a910000,0x000000001aa10000)]
  0x000000001cafd000 JavaThread "Handler for socket connection from /127.0.0.1:49167 to /127.0.0.1:49420" [_thread_in_native, id=8100, stack(0x000000001a810000,0x000000001a910000)]
  0x000000001cafb000 JavaThread "Daemon Thread 3" [_thread_blocked, id=8104, stack(0x000000001a710000,0x000000001a810000)]
  0x000000001cafc800 JavaThread "stdout" daemon [_thread_in_native, id=4040, stack(0x0000000026e60000,0x0000000026f60000)]
  0x000000001cf53000 JavaThread "stderr" daemon [_thread_in_native, id=1868, stack(0x0000000026d60000,0x0000000026e60000)]
  0x000000001cf52800 JavaThread "stdout" daemon [_thread_in_native, id=6060, stack(0x0000000026c60000,0x0000000026d60000)]
  0x000000001cf51800 JavaThread "stderr" daemon [_thread_in_native, id=7404, stack(0x0000000026b60000,0x0000000026c60000)]
  0x000000001cf58800 JavaThread "stdout" daemon [_thread_in_native, id=7600, stack(0x0000000026a60000,0x0000000026b60000)]
  0x000000001cf56000 JavaThread "stderr" daemon [_thread_in_native, id=5456, stack(0x0000000026960000,0x0000000026a60000)]
  0x000000001cf55800 JavaThread "stdout" daemon [_thread_in_native, id=7444, stack(0x0000000026860000,0x0000000026960000)]
  0x000000001cf54800 JavaThread "stderr" daemon [_thread_in_native, id=6464, stack(0x0000000026760000,0x0000000026860000)]
  0x000000001cf57800 JavaThread "stdout" daemon [_thread_in_native, id=3152, stack(0x0000000026660000,0x0000000026760000)]
  0x000000001cf54000 JavaThread "stderr" daemon [_thread_in_native, id=4656, stack(0x0000000026560000,0x0000000026660000)]
  0x000000001cf57000 JavaThread "stdout" daemon [_thread_in_native, id=4324, stack(0x0000000026460000,0x0000000026560000)]
  0x000000001b87b800 JavaThread "stderr" daemon [_thread_in_native, id=6292, stack(0x0000000026360000,0x0000000026460000)]
  0x000000001b87e800 JavaThread "stdout" daemon [_thread_in_native, id=2868, stack(0x0000000026260000,0x0000000026360000)]
  0x000000001b87d000 JavaThread "stderr" daemon [_thread_in_native, id=2880, stack(0x0000000026160000,0x0000000026260000)]
  0x000000001b87d800 JavaThread "stdout" daemon [_thread_in_native, id=5256, stack(0x0000000026060000,0x0000000026160000)]
  0x000000001b87c000 JavaThread "stderr" daemon [_thread_in_native, id=4312, stack(0x0000000025f60000,0x0000000026060000)]
  0x000000001d6cf000 JavaThread "stdout" daemon [_thread_in_native, id=180, stack(0x0000000025e60000,0x0000000025f60000)]
  0x000000001d6ce000 JavaThread "stderr" daemon [_thread_in_native, id=2952, stack(0x0000000025d60000,0x0000000025e60000)]
  0x000000001d6cd800 JavaThread "stdout" daemon [_thread_in_native, id=6524, stack(0x0000000025c60000,0x0000000025d60000)]
  0x000000001d6d2800 JavaThread "stderr" daemon [_thread_in_native, id=7396, stack(0x0000000025b60000,0x0000000025c60000)]
  0x000000001d6d2000 JavaThread "stdout" daemon [_thread_in_native, id=4784, stack(0x0000000025a60000,0x0000000025b60000)]
  0x000000001d6d1000 JavaThread "stdout" daemon [_thread_in_native, id=212, stack(0x0000000025960000,0x0000000025a60000)]
  0x000000001d6cc800 JavaThread "stderr" daemon [_thread_in_native, id=4640, stack(0x0000000025860000,0x0000000025960000)]
  0x000000001d6d3800 JavaThread "stderr" daemon [_thread_in_native, id=5784, stack(0x0000000025760000,0x0000000025860000)]
  0x000000001d6d0800 JavaThread "stdout" daemon [_thread_in_native, id=7236, stack(0x0000000025660000,0x0000000025760000)]
  0x000000001d6cf800 JavaThread "stderr" daemon [_thread_in_native, id=6184, stack(0x0000000025560000,0x0000000025660000)]
  0x000000001dc84000 JavaThread "stdout" daemon [_thread_in_native, id=7432, stack(0x0000000025460000,0x0000000025560000)]
  0x000000001dc8a000 JavaThread "stderr" daemon [_thread_in_native, id=1168, stack(0x0000000025360000,0x0000000025460000)]
  0x000000001dc88000 JavaThread "stdout" daemon [_thread_in_native, id=6640, stack(0x0000000025260000,0x0000000025360000)]
  0x000000001dc87000 JavaThread "stderr" daemon [_thread_in_native, id=7284, stack(0x0000000025160000,0x0000000025260000)]
  0x000000001dc85800 JavaThread "stdout" daemon [_thread_in_native, id=7772, stack(0x0000000025060000,0x0000000025160000)]
  0x000000001dc89800 JavaThread "stderr" daemon [_thread_in_native, id=2456, stack(0x0000000024f60000,0x0000000025060000)]
  0x000000001dc86800 JavaThread "png-cruncher_20" daemon [_thread_blocked, id=3560, stack(0x0000000024e60000,0x0000000024f60000)]
  0x000000001dc83800 JavaThread "png-cruncher_19" daemon [_thread_blocked, id=7992, stack(0x0000000024d60000,0x0000000024e60000)]
  0x000000001dc88800 JavaThread "png-cruncher_18" daemon [_thread_blocked, id=6452, stack(0x0000000024c60000,0x0000000024d60000)]
  0x000000001dc85000 JavaThread "png-cruncher_17" daemon [_thread_blocked, id=2660, stack(0x0000000024b60000,0x0000000024c60000)]
  0x000000001ed83800 JavaThread "png-cruncher_16" daemon [_thread_blocked, id=1576, stack(0x0000000024a60000,0x0000000024b60000)]
  0x000000001ed86800 JavaThread "stdout" daemon [_thread_in_native, id=6404, stack(0x0000000024960000,0x0000000024a60000)]
  0x000000001ed8a800 JavaThread "stderr" daemon [_thread_in_native, id=7240, stack(0x0000000024860000,0x0000000024960000)]
  0x000000001ed87800 JavaThread "png-cruncher_15" daemon [_thread_blocked, id=4064, stack(0x0000000024760000,0x0000000024860000)]
  0x000000001ed86000 JavaThread "png-cruncher_14" daemon [_thread_blocked, id=2752, stack(0x0000000024660000,0x0000000024760000)]
  0x000000001ed85000 JavaThread "png-cruncher_13" daemon [_thread_blocked, id=7512, stack(0x0000000024560000,0x0000000024660000)]
  0x000000001ed88000 JavaThread "png-cruncher_12" daemon [_thread_blocked, id=7484, stack(0x0000000024360000,0x0000000024460000)]
  0x000000001ed89800 JavaThread "png-cruncher_11" daemon [_thread_blocked, id=7124, stack(0x0000000024260000,0x0000000024360000)]
  0x000000001ed89000 JavaThread "stdout" daemon [_thread_in_native, id=3808, stack(0x0000000024160000,0x0000000024260000)]
  0x000000001ed84800 JavaThread "stderr" daemon [_thread_in_native, id=7988, stack(0x0000000024060000,0x0000000024160000)]
  0x000000001d925800 JavaThread "stdout" daemon [_thread_in_native, id=6776, stack(0x0000000023f60000,0x0000000024060000)]
  0x000000001d925000 JavaThread "stderr" daemon [_thread_in_native, id=5628, stack(0x0000000023e60000,0x0000000023f60000)]
  0x000000001d91e800 JavaThread "stdout" daemon [_thread_in_native, id=868, stack(0x0000000023d60000,0x0000000023e60000)]
  0x000000001d91f800 JavaThread "stderr" daemon [_thread_in_native, id=6980, stack(0x0000000023c60000,0x0000000023d60000)]
  0x000000001d920800 JavaThread "png-cruncher_10" daemon [_thread_blocked, id=8088, stack(0x0000000023a60000,0x0000000023b60000)]
  0x000000001d924000 JavaThread "png-cruncher_9" daemon [_thread_blocked, id=5984, stack(0x0000000023960000,0x0000000023a60000)]
  0x000000001d921000 JavaThread "png-cruncher_8" daemon [_thread_blocked, id=4336, stack(0x0000000023860000,0x0000000023960000)]
  0x000000001d923800 JavaThread "png-cruncher_7" daemon [_thread_blocked, id=4764, stack(0x0000000023760000,0x0000000023860000)]
  0x000000001d922800 JavaThread "png-cruncher_6" daemon [_thread_blocked, id=3776, stack(0x0000000023660000,0x0000000023760000)]
  0x000000001d922000 JavaThread "png-cruncher_5" daemon [_thread_blocked, id=3784, stack(0x0000000023560000,0x0000000023660000)]
  0x0000000018185000 JavaThread "png-cruncher_4" daemon [_thread_blocked, id=1164, stack(0x0000000023460000,0x0000000023560000)]
  0x0000000018184000 JavaThread "png-cruncher_3" daemon [_thread_blocked, id=7276, stack(0x0000000023360000,0x0000000023460000)]
  0x0000000018187000 JavaThread "png-cruncher_2" daemon [_thread_blocked, id=3664, stack(0x0000000023260000,0x0000000023360000)]
  0x0000000018186800 JavaThread "png-cruncher_1" daemon [_thread_blocked, id=8140, stack(0x0000000023160000,0x0000000023260000)]
  0x00000000187fa800 JavaThread "Java2D Disposer" daemon [_thread_blocked, id=6436, stack(0x0000000023060000,0x0000000023160000)]
  0x00000000193bb800 JavaThread "pool-2-thread-1" [_thread_blocked, id=1112, stack(0x00000000200b0000,0x00000000201b0000)]
  0x00000000193b9800 JavaThread "File lock request listener" [_thread_in_native, id=6180, stack(0x000000001c2e0000,0x000000001c3e0000)]
  0x000000001892f800 JavaThread "Incoming local TCP Connector on port 49167" [_thread_in_native, id=6804, stack(0x000000001a030000,0x000000001a130000)]
  0x0000000019542000 JavaThread "pool-1-thread-1" [_thread_blocked, id=5404, stack(0x0000000019f30000,0x000000001a030000)]
  0x0000000018088800 JavaThread "Service Thread" daemon [_thread_blocked, id=6620, stack(0x0000000018450000,0x0000000018550000)]
  0x000000001658a000 JavaThread "C1 CompilerThread2" daemon [_thread_blocked, id=6616, stack(0x0000000017f50000,0x0000000018050000)]
  0x0000000016587000 JavaThread "C2 CompilerThread1" daemon [_thread_blocked, id=6672, stack(0x0000000017e50000,0x0000000017f50000)]
  0x000000001657f800 JavaThread "C2 CompilerThread0" daemon [_thread_blocked, id=6632, stack(0x0000000017d50000,0x0000000017e50000)]
  0x000000001657e000 JavaThread "Attach Listener" daemon [_thread_blocked, id=6588, stack(0x0000000017c50000,0x0000000017d50000)]
  0x000000001657c800 JavaThread "Signal Dispatcher" daemon [_thread_blocked, id=6592, stack(0x0000000017b50000,0x0000000017c50000)]
  0x0000000002c0d800 JavaThread "Finalizer" daemon [_thread_blocked, id=6668, stack(0x00000000177f0000,0x00000000178f0000)]
  0x0000000002c02800 JavaThread "Reference Handler" daemon [_thread_blocked, id=6608, stack(0x00000000176f0000,0x00000000177f0000)]
  0x0000000002b10800 JavaThread "main" [_thread_blocked, id=6660, stack(0x0000000002660000,0x0000000002760000)]

Other Threads:
  0x0000000016547000 VMThread [stack: 0x00000000175f0000,0x00000000176f0000] [id=6596]
  0x00000000165de800 WatcherThread [stack: 0x0000000018550000,0x0000000018650000] [id=6636]

=>0x0000000002b2a000 (exited) GCTaskThread [stack: 0x00000000126e0000,0x00000000127e0000] [id=6664]

VM state:at safepoint (normal execution)

VM Mutex/Monitor currently owned by a thread:  ([mutex/lock_event])
[0x0000000000decd00] Threads_lock - owner thread: 0x0000000016547000
[0x0000000000dec880] Heap_lock - owner thread: 0x0000000018800800

Heap:
 PSYoungGen      total 395264K, used 395263K [0x00000000e0000000, 0x0000000100000000, 0x0000000100000000)
  eden space 312320K, 100% used [0x00000000e0000000,0x00000000f3100000,0x00000000f3100000)
  from space 82944K, 99% used [0x00000000faf00000,0x00000000ffffff40,0x0000000100000000)
  to   space 105984K, 39% used [0x00000000f3100000,0x00000000f5a31220,0x00000000f9880000)
 ParOldGen       total 431104K, used 400448K [0x00000000a0000000, 0x00000000ba500000, 0x00000000e0000000)
  object space 431104K, 92% used [0x00000000a0000000,0x00000000b87102f0,0x00000000ba500000)
 Metaspace       used 71704K, capacity 73558K, committed 75136K, reserved 1114112K
  class space    used 9152K, capacity 9505K, committed 9856K, reserved 1048576K

Card table byte_map: [0x0000000011fd0000,0x00000000122e0000] byte_map_base: 0x0000000011ad0000

Marking Bits: (ParMarkBitMap*) 0x0000000061010600
 Begin Bits: [0x00000000128e0000, 0x00000000140e0000)
 End Bits:   [0x00000000140e0000, 0x00000000158e0000)

Polling page: 0x0000000000dc0000

CodeCache: size=245760Kb used=53617Kb max_used=54430Kb free=192142Kb
 bounds [0x0000000002c10000, 0x0000000006250000, 0x0000000011c10000]
 total_blobs=15246 nmethods=14403 adapters=753
 compilation: enabled

Compilation events (10 events):
Event: 1801.725 Thread 0x000000001657f800 nmethod 18096 0x0000000005528690 code [0x00000000055287e0, 0x00000000055288f8]
Event: 1801.725 Thread 0x000000001657f800 18687       4       com.android.dx.ssa.back.FirstFitLocalCombiningAllocator$Alignment$3::nextClearBit (6 bytes)
Event: 1801.729 Thread 0x000000001657f800 nmethod 18687 0x0000000005603090 code [0x00000000056031e0, 0x0000000005603338]
Event: 1801.729 Thread 0x000000001657f800 18888       4       com.android.dx.rop.code.LocalItem::compareTo (9 bytes)
Event: 1801.733 Thread 0x000000001657f800 nmethod 18888 0x0000000004687190 code [0x00000000046872e0, 0x00000000046875b8]
Event: 1801.734 Thread 0x000000001657f800 18757       4       com.android.dx.cf.code.Merger::mergeType (142 bytes)
Event: 1801.743 Thread 0x000000001657f800 nmethod 18757 0x0000000005518950 code [0x0000000005518b00, 0x0000000005518f70]
Event: 1801.743 Thread 0x000000001657f800 18892       4       com.android.dx.cf.code.Simulator$SimVisitor::visitLocal (329 bytes)
Event: 1801.789 Thread 0x000000001658a000 19041       2       com.android.dx.rop.code.Rops::opIfGe (13 bytes)
Event: 1801.789 Thread 0x000000001658a000 nmethod 19041 0x00000000055f69d0 code [0x00000000055f6b40, 0x00000000055f6cc8]

GC Heap History (10 events):
Event: 1793.355 GC heap after
Heap after GC invocations=40 (full 7):
 PSYoungGen      total 444416K, used 33908K [0x00000000e0000000, 0x00000000ffc00000, 0x0000000100000000)
  eden space 364544K, 0% used [0x00000000e0000000,0x00000000e0000000,0x00000000f6400000)
  from space 79872K, 42% used [0x00000000f6400000,0x00000000f851d398,0x00000000fb200000)
  to   space 75776K, 0% used [0x00000000fb200000,0x00000000fb200000,0x00000000ffc00000)
 ParOldGen       total 280576K, used 211546K [0x00000000a0000000, 0x00000000b1200000, 0x00000000e0000000)
  object space 280576K, 75% used [0x00000000a0000000,0x00000000ace96b78,0x00000000b1200000)
 Metaspace       used 71684K, capacity 73558K, committed 75136K, reserved 1114112K
  class space    used 9151K, capacity 9505K, committed 9856K, reserved 1048576K
}
Event: 1795.081 GC heap before
{Heap before GC invocations=41 (full 7):
 PSYoungGen      total 444416K, used 398452K [0x00000000e0000000, 0x00000000ffc00000, 0x0000000100000000)
  eden space 364544K, 100% used [0x00000000e0000000,0x00000000f6400000,0x00000000f6400000)
  from space 79872K, 42% used [0x00000000f6400000,0x00000000f851d398,0x00000000fb200000)
  to   space 75776K, 0% used [0x00000000fb200000,0x00000000fb200000,0x00000000ffc00000)
 ParOldGen       total 280576K, used 211546K [0x00000000a0000000, 0x00000000b1200000, 0x00000000e0000000)
  object space 280576K, 75% used [0x00000000a0000000,0x00000000ace96b78,0x00000000b1200000)
 Metaspace       used 71693K, capacity 73558K, committed 75136K, reserved 1114112K
  class space    used 9151K, capacity 9505K, committed 9856K, reserved 1048576K
Event: 1795.210 GC heap after
Heap after GC invocations=41 (full 7):
 PSYoungGen      total 441344K, used 52733K [0x00000000e0000000, 0x0000000100000000, 0x0000000100000000)
  eden space 365568K, 0% used [0x00000000e0000000,0x00000000e0000000,0x00000000f6500000)
  from space 75776K, 69% used [0x00000000fb200000,0x00000000fe57f7b0,0x00000000ffc00000)
  to   space 78848K, 0% used [0x00000000f6500000,0x00000000f6500000,0x00000000fb200000)
 ParOldGen       total 280576K, used 243264K [0x00000000a0000000, 0x00000000b1200000, 0x00000000e0000000)
  object space 280576K, 86% used [0x00000000a0000000,0x00000000aed901f0,0x00000000b1200000)
 Metaspace       used 71693K, capacity 73558K, committed 75136K, reserved 1114112K
  class space    used 9151K, capacity 9505K, committed 9856K, reserved 1048576K
}
Event: 1795.210 GC heap before
{Heap before GC invocations=42 (full 8):
 PSYoungGen      total 441344K, used 52733K [0x00000000e0000000, 0x0000000100000000, 0x0000000100000000)
  eden space 365568K, 0% used [0x00000000e0000000,0x00000000e0000000,0x00000000f6500000)
  from space 75776K, 69% used [0x00000000fb200000,0x00000000fe57f7b0,0x00000000ffc00000)
  to   space 78848K, 0% used [0x00000000f6500000,0x00000000f6500000,0x00000000fb200000)
 ParOldGen       total 280576K, used 243264K [0x00000000a0000000, 0x00000000b1200000, 0x00000000e0000000)
  object space 280576K, 86% used [0x00000000a0000000,0x00000000aed901f0,0x00000000b1200000)
 Metaspace       used 71693K, capacity 73558K, committed 75136K, reserved 1114112K
  class space    used 9151K, capacity 9505K, committed 9856K, reserved 1048576K
Event: 1797.004 GC heap after
Heap after GC invocations=42 (full 8):
 PSYoungGen      total 441344K, used 9983K [0x00000000e0000000, 0x0000000100000000, 0x0000000100000000)
  eden space 365568K, 0% used [0x00000000e0000000,0x00000000e0000000,0x00000000f6500000)
  from space 75776K, 13% used [0x00000000fb200000,0x00000000fbbbff68,0x00000000ffc00000)
  to   space 78848K, 0% used [0x00000000f6500000,0x00000000f6500000,0x00000000fb200000)
 ParOldGen       total 431104K, used 280296K [0x00000000a0000000, 0x00000000ba500000, 0x00000000e0000000)
  object space 431104K, 65% used [0x00000000a0000000,0x00000000b11ba2c0,0x00000000ba500000)
 Metaspace       used 71693K, capacity 73558K, committed 75136K, reserved 1114112K
  class space    used 9151K, capacity 9505K, committed 9856K, reserved 1048576K
}
Event: 1798.466 GC heap before
{Heap before GC invocations=43 (full 8):
 PSYoungGen      total 441344K, used 375551K [0x00000000e0000000, 0x0000000100000000, 0x0000000100000000)
  eden space 365568K, 100% used [0x00000000e0000000,0x00000000f6500000,0x00000000f6500000)
  from space 75776K, 13% used [0x00000000fb200000,0x00000000fbbbff68,0x00000000ffc00000)
  to   space 78848K, 0% used [0x00000000f6500000,0x00000000f6500000,0x00000000fb200000)
 ParOldGen       total 431104K, used 280296K [0x00000000a0000000, 0x00000000ba500000, 0x00000000e0000000)
  object space 431104K, 65% used [0x00000000a0000000,0x00000000b11ba2c0,0x00000000ba500000)
 Metaspace       used 71702K, capacity 73558K, committed 75136K, reserved 1114112K
  class space    used 9151K, capacity 9505K, committed 9856K, reserved 1048576K
Event: 1798.676 GC heap after
Heap after GC invocations=43 (full 8):
 PSYoungGen      total 422400K, used 56807K [0x00000000e0000000, 0x0000000100000000, 0x0000000100000000)
  eden space 365568K, 0% used [0x00000000e0000000,0x00000000e0000000,0x00000000f6500000)
  from space 56832K, 99% used [0x00000000f6500000,0x00000000f9c79fe8,0x00000000f9c80000)
  to   space 82944K, 0% used [0x00000000faf00000,0x00000000faf00000,0x0000000100000000)
 ParOldGen       total 431104K, used 288317K [0x00000000a0000000, 0x00000000ba500000, 0x00000000e0000000)
  object space 431104K, 66% used [0x00000000a0000000,0x00000000b198f400,0x00000000ba500000)
 Metaspace       used 71702K, capacity 73558K, committed 75136K, reserved 1114112K
  class space    used 9151K, capacity 9505K, committed 9856K, reserved 1048576K
}
Event: 1800.290 GC heap before
{Heap before GC invocations=44 (full 8):
 PSYoungGen      total 422400K, used 422375K [0x00000000e0000000, 0x0000000100000000, 0x0000000100000000)
  eden space 365568K, 100% used [0x00000000e0000000,0x00000000f6500000,0x00000000f6500000)
  from space 56832K, 99% used [0x00000000f6500000,0x00000000f9c79fe8,0x00000000f9c80000)
  to   space 82944K, 0% used [0x00000000faf00000,0x00000000faf00000,0x0000000100000000)
 ParOldGen       total 431104K, used 288317K [0x00000000a0000000, 0x00000000ba500000, 0x00000000e0000000)
  object space 431104K, 66% used [0x00000000a0000000,0x00000000b198f400,0x00000000ba500000)
 Metaspace       used 71702K, capacity 73558K, committed 75136K, reserved 1114112K
  class space    used 9151K, capacity 9505K, committed 9856K, reserved 1048576K
Event: 1800.649 GC heap after
Heap after GC invocations=44 (full 8):
 PSYoungGen      total 395264K, used 82943K [0x00000000e0000000, 0x0000000100000000, 0x0000000100000000)
  eden space 312320K, 0% used [0x00000000e0000000,0x00000000e0000000,0x00000000f3100000)
  from space 82944K, 99% used [0x00000000faf00000,0x00000000ffffff40,0x0000000100000000)
  to   space 105984K, 0% used [0x00000000f3100000,0x00000000f3100000,0x00000000f9880000)
 ParOldGen       total 431104K, used 317523K [0x00000000a0000000, 0x00000000ba500000, 0x00000000e0000000)
  object space 431104K, 73% used [0x00000000a0000000,0x00000000b3614fc8,0x00000000ba500000)
 Metaspace       used 71702K, capacity 73558K, committed 75136K, reserved 1114112K
  class space    used 9151K, capacity 9505K, committed 9856K, reserved 1048576K
}
Event: 1801.821 GC heap before
{Heap before GC invocations=45 (full 8):
 PSYoungGen      total 395264K, used 395263K [0x00000000e0000000, 0x0000000100000000, 0x0000000100000000)
  eden space 312320K, 100% used [0x00000000e0000000,0x00000000f3100000,0x00000000f3100000)
  from space 82944K, 99% used [0x00000000faf00000,0x00000000ffffff40,0x0000000100000000)
  to   space 105984K, 0% used [0x00000000f3100000,0x00000000f3100000,0x00000000f9880000)
 ParOldGen       total 431104K, used 317523K [0x00000000a0000000, 0x00000000ba500000, 0x00000000e0000000)
  object space 431104K, 73% used [0x00000000a0000000,0x00000000b3614fc8,0x00000000ba500000)
 Metaspace       used 71704K, capacity 73558K, committed 75136K, reserved 1114112K
  class space    used 9152K, capacity 9505K, committed 9856K, reserved 1048576K

Deoptimization events (10 events):
Event: 1797.455 Thread 0x00000000187fb000 Uncommon trap: reason=unstable_if action=reinterpret pc=0x00000000055262f0 method=com.android.dx.ssa.SsaMethod.makeExitBlock()V @ 103
Event: 1797.455 Thread 0x00000000187fb000 Uncommon trap: reason=unstable_if action=reinterpret pc=0x0000000005e1a258 method=com.android.dx.ssa.SsaMethod.getExitBlock()Lcom/android/dx/ssa/SsaBasicBlock; @ 4
Event: 1797.455 Thread 0x00000000187fb000 Uncommon trap: reason=unstable_if action=reinterpret pc=0x0000000005c42a34 method=com.android.dx.ssa.SsaMethod.getExitBlock()Lcom/android/dx/ssa/SsaBasicBlock; @ 4
Event: 1797.457 Thread 0x00000000187fb000 Uncommon trap: reason=unstable_if action=reinterpret pc=0x0000000005dc0ba8 method=com.android.dx.ssa.SsaMethod.getExitBlock()Lcom/android/dx/ssa/SsaBasicBlock; @ 4
Event: 1797.458 Thread 0x00000000187fb000 Uncommon trap: reason=unstable_if action=reinterpret pc=0x0000000005b00b08 method=com.android.dx.ssa.SsaMethod.getExitBlock()Lcom/android/dx/ssa/SsaBasicBlock; @ 4
Event: 1799.458 Thread 0x00000000187fc800 Uncommon trap: reason=unstable_if action=reinterpret pc=0x0000000005b0acf8 method=java.util.concurrent.ConcurrentHashMap.putVal(Ljava/lang/Object;Ljava/lang/Object;Z)Ljava/lang/Object; @ 147
Event: 1799.459 Thread 0x00000000187fb000 Uncommon trap: reason=unstable_if action=reinterpret pc=0x0000000005b0acf8 method=java.util.concurrent.ConcurrentHashMap.putVal(Ljava/lang/Object;Ljava/lang/Object;Z)Ljava/lang/Object; @ 147
Event: 1799.957 Thread 0x00000000187ff800 Uncommon trap: reason=unstable_if action=reinterpret pc=0x0000000005c54f80 method=com.android.dx.rop.code.RegisterSpec.equals(ILcom/android/dx/rop/type/TypeBearer;Lcom/android/dx/rop/code/LocalItem;)Z @ 42
Event: 1800.750 Thread 0x00000000187fc800 Uncommon trap: reason=bimorphic action=maybe_recompile pc=0x000000000620e0e0 method=com.android.dx.cf.code.BytecodeArray.parseInstruction(ILcom/android/dx/cf/code/BytecodeArray$Visitor;)I @ 2554
Event: 1800.750 Thread 0x00000000187fc800 Uncommon trap: reason=bimorphic action=maybe_recompile pc=0x000000000620e0e0 method=com.android.dx.cf.code.BytecodeArray.parseInstruction(ILcom/android/dx/cf/code/BytecodeArray$Visitor;)I @ 2554

Internal exceptions (10 events):
Event: 1686.170 Thread 0x000000001cafb800 Implicit null exception at 0x0000000003e95c89 to 0x0000000003e9c9a5
Event: 1713.985 Thread 0x000000001cafb800 Implicit null exception at 0x0000000003e6dea5 to 0x0000000003e74af1
Event: 1733.437 Thread 0x000000001cafb800 Exception <a 'java/lang/NoSuchMethodError': <clinit>> (0x00000000e0f08c70) thrown at [D:\re\workspace\8-2-build-windows-amd64-cygwin\jdk8u77\6540\hotspot\src\share\vm\prims\jni.cpp, line 1591]
Event: 1765.882 Thread 0x000000001cafb800 Implicit null exception at 0x00000000049a10e4 to 0x00000000049a1bd9
Event: 1779.655 Thread 0x00000000187fd800 Implicit null exception at 0x0000000005c4663b to 0x0000000005c47e2d
Event: 1779.794 Thread 0x0000000018800800 Implicit null exception at 0x0000000005c43ca2 to 0x0000000005c43d92
Event: 1780.239 Thread 0x00000000187ff800 Implicit null exception at 0x0000000005c4bfad to 0x0000000005c4d439
Event: 1780.399 Thread 0x00000000187ff800 Implicit null exception at 0x0000000005dcca58 to 0x0000000005dccbc5
Event: 1784.388 Thread 0x00000000187fd800 Implicit null exception at 0x0000000004d012c8 to 0x0000000004d01d01
Event: 1788.528 Thread 0x00000000187ff800 Implicit null exception at 0x0000000006138db8 to 0x0000000006141731

Events (10 events):
Event: 1801.219 Thread 0x0000000018800800 DEOPT UNPACKING pc=0x0000000002c5787f sp=0x000000002785e5d0 mode 0
Event: 1801.340 Thread 0x00000000187fc800 DEOPT PACKING pc=0x00000000038132b9 sp=0x0000000022cbe4f0
Event: 1801.340 Thread 0x00000000187fc800 DEOPT UNPACKING pc=0x0000000002c5787f sp=0x0000000022cbe2a0 mode 0
Event: 1801.490 Thread 0x00000000187fc800 DEOPT PACKING pc=0x00000000038132b9 sp=0x0000000022cbe4f0
Event: 1801.490 Thread 0x00000000187fc800 DEOPT UNPACKING pc=0x0000000002c5787f sp=0x0000000022cbe2a0 mode 0
Event: 1801.615 Thread 0x00000000187fd800 DEOPT PACKING pc=0x00000000038132b9 sp=0x000000002795e7c0
Event: 1801.615 Thread 0x00000000187fd800 DEOPT UNPACKING pc=0x0000000002c5787f sp=0x000000002795e570 mode 0
Event: 1801.744 Thread 0x00000000187ff800 DEOPT PACKING pc=0x00000000038132b9 sp=0x000000002775e830
Event: 1801.744 Thread 0x00000000187ff800 DEOPT UNPACKING pc=0x0000000002c5787f sp=0x000000002775e5e0 mode 0
Event: 1801.820 Executing VM operation: ParallelGCFailedAllocation


Dynamic libraries:
0x000007f7103f0000 - 0x000007f710427000 	C:\Program Files\Java\jdk1.8.0_77\bin\java.exe
0x000007fd02ab0000 - 0x000007fd02c6e000 	C:\Windows\SYSTEM32\ntdll.dll
0x000007fd00230000 - 0x000007fd00366000 	C:\Windows\system32\KERNEL32.DLL
0x000007fcffb10000 - 0x000007fcffc03000 	C:\Windows\system32\KERNELBASE.dll
0x000007fd00370000 - 0x000007fd0044e000 	C:\Windows\system32\ADVAPI32.dll
0x000007fd027b0000 - 0x000007fd028fc000 	C:\Windows\system32\USER32.dll
0x000007fcfcce0000 - 0x000007fcfcf49000 	C:\Windows\WinSxS\amd64_microsoft.windows.common-controls_6595b64144ccf1df_6.0.9200.16384_none_418c2a697189c07f\COMCTL32.dll
0x000007fd00870000 - 0x000007fd00915000 	C:\Windows\system32\msvcrt.dll
0x000007fd01120000 - 0x000007fd01168000 	C:\Windows\SYSTEM32\sechost.dll
0x000007fd025b0000 - 0x000007fd026f0000 	C:\Windows\system32\RPCRT4.dll
0x000007fd02470000 - 0x000007fd025b0000 	C:\Windows\system32\GDI32.dll
0x000007fcfff80000 - 0x000007fcfffb9000 	C:\Windows\system32\IMM32.DLL
0x000007fd01000000 - 0x000007fd01115000 	C:\Windows\system32\MSCTF.dll
0x0000000061090000 - 0x0000000061162000 	C:\Program Files\Java\jdk1.8.0_77\jre\bin\msvcr100.dll
0x0000000060800000 - 0x0000000061090000 	C:\Program Files\Java\jdk1.8.0_77\jre\bin\server\jvm.dll
0x000007fcefc70000 - 0x000007fcefc79000 	C:\Windows\SYSTEM32\WSOCK32.dll
0x000007fcfca50000 - 0x000007fcfca70000 	C:\Windows\SYSTEM32\WINMM.dll
0x000007fcfeb40000 - 0x000007fcfeb49000 	C:\Windows\SYSTEM32\VERSION.dll
0x000007fd02910000 - 0x000007fd02917000 	C:\Windows\system32\PSAPI.DLL
0x000007fcfff20000 - 0x000007fcfff78000 	C:\Windows\system32\WS2_32.dll
0x000007fcfc6d0000 - 0x000007fcfc702000 	C:\Windows\SYSTEM32\WINMMBASE.dll
0x000007fd02920000 - 0x000007fd02929000 	C:\Windows\system32\NSI.dll
0x00000000607f0000 - 0x00000000607ff000 	C:\Program Files\Java\jdk1.8.0_77\jre\bin\verify.dll
0x00000000607c0000 - 0x00000000607e9000 	C:\Program Files\Java\jdk1.8.0_77\jre\bin\java.dll
0x00000000607a0000 - 0x00000000607b6000 	C:\Program Files\Java\jdk1.8.0_77\jre\bin\zip.dll
0x000007fd01170000 - 0x000007fd02458000 	C:\Windows\system32\SHELL32.dll
0x000007fd006c0000 - 0x000007fd00870000 	C:\Windows\SYSTEM32\combase.dll
0x000007fd02760000 - 0x000007fd027b0000 	C:\Windows\system32\SHLWAPI.dll
0x000007fcfdba0000 - 0x000007fcfdc36000 	C:\Windows\SYSTEM32\SHCORE.dll
0x000007fcff990000 - 0x000007fcff9a5000 	C:\Windows\SYSTEM32\profapi.dll
0x0000000060780000 - 0x000000006079a000 	C:\Program Files\Java\jdk1.8.0_77\jre\bin\net.dll
0x000007fcff230000 - 0x000007fcff28c000 	C:\Windows\system32\mswsock.dll
0x0000000060760000 - 0x0000000060771000 	C:\Program Files\Java\jdk1.8.0_77\jre\bin\nio.dll
0x000007fcf45a0000 - 0x000007fcf45b2000 	C:\Users\Shrikant\.gradle\native\19\windows-amd64\native-platform.dll
0x000007fcff290000 - 0x000007fcff2aa000 	C:\Windows\SYSTEM32\CRYPTSP.dll
0x000007fcfef10000 - 0x000007fcfef59000 	C:\Windows\system32\rsaenh.dll
0x000007fcff010000 - 0x000007fcff02f000 	C:\Windows\SYSTEM32\USERENV.dll
0x000007fcff820000 - 0x000007fcff82a000 	C:\Windows\SYSTEM32\CRYPTBASE.dll
0x000007fcff7c0000 - 0x000007fcff81c000 	C:\Windows\SYSTEM32\bcryptPrimitives.dll
0x000007fcfeb10000 - 0x000007fcfeb3a000 	C:\Windows\SYSTEM32\IPHLPAPI.DLL
0x000007fcfeab0000 - 0x000007fcfeaba000 	C:\Windows\SYSTEM32\WINNSI.DLL
0x000007fcfc790000 - 0x000007fcfc7a3000 	C:\Windows\SYSTEM32\dhcpcsvc6.DLL
0x000007fcfea70000 - 0x000007fcfea88000 	C:\Windows\SYSTEM32\dhcpcsvc.DLL
0x0000000060750000 - 0x000000006075d000 	C:\Program Files\Java\jdk1.8.0_77\jre\bin\management.dll
0x00000000605b0000 - 0x0000000060748000 	C:\Program Files\Java\jdk1.8.0_77\jre\bin\awt.dll
0x000007fd00160000 - 0x000007fd00223000 	C:\Windows\system32\OLEAUT32.dll
0x000007fcf6170000 - 0x000007fcf620f000 	C:\Windows\system32\apphelp.dll
0x000007fcfd980000 - 0x000007fcfd9a1000 	C:\Windows\system32\DWMAPI.DLL
0x000007fcfe630000 - 0x000007fcfe713000 	C:\Windows\system32\uxtheme.dll
0x00000000611c0000 - 0x00000000611ea000 	C:\Program Files\Java\jdk1.8.0_77\jre\bin\dcpr.dll
0x000007fcdcbd0000 - 0x000007fcdcd33000 	C:\Windows\SYSTEM32\dbghelp.dll

VM Arguments:
jvm_args: -Xmx1536m -Dfile.encoding=windows-1252 -Duser.country=IN -Duser.language=en -Duser.variant 
java_command: org.gradle.launcher.daemon.bootstrap.GradleDaemon 2.14.1
java_class_path (initial): C:\Users\Shrikant\.gradle\wrapper\dists\gradle-2.14.1-all\8bnwg5hd3w55iofp58khbp6yv\gradle-2.14.1\lib\gradle-launcher-2.14.1.jar
Launcher Type: SUN_STANDARD

Environment Variables:
JAVA_HOME=C:\Program Files\Java\jdk1.8.0_77
CLASSPATH=E:\CoreJava Example;E:\CoreJava Example\swing;
PATH=C:\ProgramData\Oracle\Java\javapath;C:\Program Files (x86)\Intel\iCLS Client\;C:\Program Files\Intel\iCLS Client\;C:\Program Files\Broadcom\Broadcom 802.11 Network Adapter;;C:\Windows\system32;C:\Windows;C:\Windows\System32\Wbem;C:\Windows\System32\WindowsPowerShell\v1.0\;C:\Program Files\Intel\Intel(R) Management Engine Components\DAL;C:\Program Files\Intel\Intel(R) Management Engine Components\IPT;C:\Program Files (x86)\Intel\Intel(R) Management Engine Components\DAL;C:\Program Files (x86)\Intel\Intel(R) Management Engine Components\IPT;C:\Program Files\WIDCOMM\Bluetooth Software\;C:\Program Files\WIDCOMM\Bluetooth Software\syswow64;;C:\Program Files (x86)\Intel\OpenCL SDK\2.0\bin\x86;C:\Program Files (x86)\Intel\OpenCL SDK\2.0\bin\x64;C:\Program Files\Sony\VAIO Improvement;C:\Program Files (x86)\Sony\VAIO BIOS Data Transfer Utility\;C:\Program Files (x86)\Sony\VAIO Startup Setting Tool;C:\Program Files\Java\jdk1.8.0_77\bin;
USERNAME=Shrikant
OS=Windows_NT
PROCESSOR_IDENTIFIER=Intel64 Family 6 Model 58 Stepping 9, GenuineIntel



---------------  S Y S T E M  ---------------

OS: Windows 8 , 64 bit Build 9200 (6.2.9200.16384)

CPU:total 4 (2 cores per cpu, 2 threads per core) family 6 model 58 stepping 9, cmov, cx8, fxsr, mmx, sse, sse2, sse3, ssse3, sse4.1, sse4.2, popcnt, avx, clmul, erms, ht, tsc, tscinvbit, tscinv

Memory: 4k page, physical 4070188k(209760k free), swap 16128816k(10521744k free)

vm_info: Java HotSpot(TM) 64-Bit Server VM (25.77-b03) for windows-amd64 JRE (1.8.0_77-b03), built on Mar 20 2016 22:01:33 by "java_re" with MS VC++ 10.0 (VS2010)

time: Thu Mar 23 12:41:36 2017
elapsed time: 1812 seconds (0d 0h 30m 12s)

